<?xml version="1.0" encoding="UTF-8"?>
<!-- Generated by org.testng.reporters.JUnitReportReporter -->
<testsuite hostname="DESKTOP-2GE6CTJ" failures="0" tests="2" name="aulatesteng.ExpectedExceptionTest" time="0.033" errors="0" timestamp="2020-06-28T21:27:30 BRT" skipped="0">
  <testcase classname="aulatesteng.ExpectedExceptionTest" name="testSalutationMessage" time="0.014"/>
  <system-out/>
  <testcase classname="aulatesteng.ExpectedExceptionTest" name="testPrintMessage" time="0.019"/>
  <system-out/>
</testsuite> <!-- aulatesteng.ExpectedExceptionTest -->
